# JRE version: OpenJDK Runtime Environment (8.0_76-b03) (build 1.8.0_76-release-b03)
# Java VM: OpenJDK 64-Bit Server VM (25.76-b03 mixed mode windows-amd64 compressed oops)
Heap:
 PSYoungGen      total 367104K, used 96759K [0x00000000e0000000, 0x0000000100000000, 0x0000000100000000)
  eden space 206336K, 27% used [0x00000000e0000000,0x00000000e368e8e8,0x00000000ec980000)
  from space 160768K, 25% used [0x00000000f6300000,0x00000000f8aef558,0x0000000100000000)
  to   space 157184K, 0% used [0x00000000ec980000,0x00000000ec980000,0x00000000f6300000)
 ParOldGen       total 630784K, used 420114K [0x00000000a0000000, 0x00000000c6800000, 0x00000000e0000000)
  object space 630784K, 66% used [0x00000000a0000000,0x00000000b9a449c0,0x00000000c6800000)
 Metaspace       used 79470K, capacity 84444K, committed 84736K, reserved 1124352K
  class space    used 9828K, capacity 10591K, committed 10752K, reserved 1048576K
GC Heap History (10 events):
Event: 3722.010 GC heap before
{Heap before GC invocations=294 (full 25):
 PSYoungGen      total 359424K, used 301697K [0x00000000e0000000, 0x00000000ff500000, 0x0000000100000000)
  eden space 224256K, 100% used [0x00000000e0000000,0x00000000edb00000,0x00000000edb00000)
  from space 135168K, 57% used [0x00000000f7100000,0x00000000fbca04d0,0x00000000ff500000)
  to   space 144384K, 0% used [0x00000000edb00000,0x00000000edb00000,0x00000000f6800000)
 ParOldGen       total 606208K, used 526643K [0x00000000a0000000, 0x00000000c5000000, 0x00000000e0000000)
  object space 606208K, 86% used [0x00000000a0000000,0x00000000c024cdc0,0x00000000c5000000)
 Metaspace       used 79466K, capacity 84444K, committed 84736K, reserved 1124352K
  class space    used 9828K, capacity 10591K, committed 10752K, reserved 1048576K
Event: 3722.189 GC heap after
Heap after GC invocations=294 (full 25):
 PSYoungGen      total 368640K, used 101480K [0x00000000e0000000, 0x0000000100000000, 0x0000000100000000)
  eden space 224256K, 0% used [0x00000000e0000000,0x00000000e0000000,0x00000000edb00000)
  from space 144384K, 70% used [0x00000000edb00000,0x00000000f3e1a098,0x00000000f6800000)
  to   space 150528K, 0% used [0x00000000f6d00000,0x00000000f6d00000,0x0000000100000000)
 ParOldGen       total 606208K, used 601577K [0x00000000a0000000, 0x00000000c5000000, 0x00000000e0000000)
  object space 606208K, 99% used [0x00000000a0000000,0x00000000c4b7a540,0x00000000c5000000)
 Metaspace       used 79466K, capacity 84444K, committed 84736K, reserved 1124352K
  class space    used 9828K, capacity 10591K, committed 10752K, reserved 1048576K
}
Event: 3722.190 GC heap before
{Heap before GC invocations=295 (full 26):
 PSYoungGen      total 368640K, used 101480K [0x00000000e0000000, 0x0000000100000000, 0x0000000100000000)
  eden space 224256K, 0% used [0x00000000e0000000,0x00000000e0000000,0x00000000edb00000)
  from space 144384K, 70% used [0x00000000edb00000,0x00000000f3e1a098,0x00000000f6800000)
  to   space 150528K, 0% used [0x00000000f6d00000,0x00000000f6d00000,0x0000000100000000)
 ParOldGen       total 606208K, used 601577K [0x00000000a0000000, 0x00000000c5000000, 0x00000000e0000000)
  object space 606208K, 99% used [0x00000000a0000000,0x00000000c4b7a540,0x00000000c5000000)
 Metaspace       used 79466K, capacity 84444K, committed 84736K, reserved 1124352K
  class space    used 9828K, capacity 10591K, committed 10752K, reserved 1048576K
Event: 3723.866 GC heap after
Heap after GC invocations=295 (full 26):
 PSYoungGen      total 368640K, used 0K [0x00000000e0000000, 0x0000000100000000, 0x0000000100000000)
  eden space 224256K, 0% used [0x00000000e0000000,0x00000000e0000000,0x00000000edb00000)
  from space 144384K, 0% used [0x00000000edb00000,0x00000000edb00000,0x00000000f6800000)
  to   space 150528K, 0% used [0x00000000f6d00000,0x00000000f6d00000,0x0000000100000000)
 ParOldGen       total 630784K, used 365100K [0x00000000a0000000, 0x00000000c6800000, 0x00000000e0000000)
  object space 630784K, 57% used [0x00000000a0000000,0x00000000b648b200,0x00000000c6800000)
 Metaspace       used 79466K, capacity 84444K, committed 84736K, reserved 1124352K
  class space    used 9828K, capacity 10591K, committed 10752K, reserved 1048576K
}
Event: 3724.292 GC heap before
{Heap before GC invocations=296 (full 26):
 PSYoungGen      total 368640K, used 224256K [0x00000000e0000000, 0x0000000100000000, 0x0000000100000000)
  eden space 224256K, 100% used [0x00000000e0000000,0x00000000edb00000,0x00000000edb00000)
  from space 144384K, 0% used [0x00000000edb00000,0x00000000edb00000,0x00000000f6800000)
  to   space 150528K, 0% used [0x00000000f6d00000,0x00000000f6d00000,0x0000000100000000)
 ParOldGen       total 630784K, used 365100K [0x00000000a0000000, 0x00000000c6800000, 0x00000000e0000000)
  object space 630784K, 57% used [0x00000000a0000000,0x00000000b648b200,0x00000000c6800000)
 Metaspace       used 79466K, capacity 84444K, committed 84736K, reserved 1124352K
  class space    used 9828K, capacity 10591K, committed 10752K, reserved 1048576K
Event: 3724.362 GC heap after
Heap after GC invocations=296 (full 26):
 PSYoungGen      total 373760K, used 52604K [0x00000000e0000000, 0x00000000ffa00000, 0x0000000100000000)
  eden space 229376K, 0% used [0x00000000e0000000,0x00000000e0000000,0x00000000ee000000)
  from space 144384K, 36% used [0x00000000f6d00000,0x00000000fa05f120,0x00000000ffa00000)
  to   space 144384K, 0% used [0x00000000ee000000,0x00000000ee000000,0x00000000f6d00000)
 ParOldGen       total 630784K, used 365100K [0x00000000a0000000, 0x00000000c6800000, 0x00000000e0000000)
  object space 630784K, 57% used [0x00000000a0000000,0x00000000b648b200,0x00000000c6800000)
 Metaspace       used 79466K, capacity 84444K, committed 84736K, reserved 1124352K
  class space    used 9828K, capacity 10591K, committed 10752K, reserved 1048576K
}
Event: 3725.004 GC heap before
{Heap before GC invocations=297 (full 26):
 PSYoungGen      total 373760K, used 281980K [0x00000000e0000000, 0x00000000ffa00000, 0x0000000100000000)
  eden space 229376K, 100% used [0x00000000e0000000,0x00000000ee000000,0x00000000ee000000)
  from space 144384K, 36% used [0x00000000f6d00000,0x00000000fa05f120,0x00000000ffa00000)
  to   space 144384K, 0% used [0x00000000ee000000,0x00000000ee000000,0x00000000f6d00000)
 ParOldGen       total 630784K, used 365100K [0x00000000a0000000, 0x00000000c6800000, 0x00000000e0000000)
  object space 630784K, 57% used [0x00000000a0000000,0x00000000b648b200,0x00000000c6800000)
 Metaspace       used 79466K, capacity 84444K, committed 84736K, reserved 1124352K
  class space    used 9828K, capacity 10591K, committed 10752K, reserved 1048576K
Event: 3725.215 GC heap after
Heap after GC invocations=297 (full 26):
 PSYoungGen      total 359424K, used 129996K [0x00000000e0000000, 0x0000000100000000, 0x0000000100000000)
  eden space 229376K, 0% used [0x00000000e0000000,0x00000000e0000000,0x00000000ee000000)
  from space 130048K, 99% used [0x00000000ee000000,0x00000000f5ef3398,0x00000000f5f00000)
  to   space 160768K, 0% used [0x00000000f6300000,0x00000000f6300000,0x0000000100000000)
 ParOldGen       total 630784K, used 413906K [0x00000000a0000000, 0x00000000c6800000, 0x00000000e0000000)
  object space 630784K, 65% used [0x00000000a0000000,0x00000000b94349c0,0x00000000c6800000)
 Metaspace       used 79466K, capacity 84444K, committed 84736K, reserved 1124352K
  class space    used 9828K, capacity 10591K, committed 10752K, reserved 1048576K
}
Event: 3726.842 GC heap before
{Heap before GC invocations=298 (full 26):
 PSYoungGen      total 359424K, used 359372K [0x00000000e0000000, 0x0000000100000000, 0x0000000100000000)
  eden space 229376K, 100% used [0x00000000e0000000,0x00000000ee000000,0x00000000ee000000)
  from space 130048K, 99% used [0x00000000ee000000,0x00000000f5ef3398,0x00000000f5f00000)
  to   space 160768K, 0% used [0x00000000f6300000,0x00000000f6300000,0x0000000100000000)
 ParOldGen       total 630784K, used 413906K [0x00000000a0000000, 0x00000000c6800000, 0x00000000e0000000)
  object space 630784K, 65% used [0x00000000a0000000,0x00000000b94349c0,0x00000000c6800000)
 Metaspace       used 79468K, capacity 84444K, committed 84736K, reserved 1124352K
  class space    used 9828K, capacity 10591K, committed 10752K, reserved 1048576K
Event: 3726.887 GC heap after
Heap after GC invocations=298 (full 26):
 PSYoungGen      total 367104K, used 40893K [0x00000000e0000000, 0x0000000100000000, 0x0000000100000000)
  eden space 206336K, 0% used [0x00000000e0000000,0x00000000e0000000,0x00000000ec980000)
  from space 160768K, 25% used [0x00000000f6300000,0x00000000f8aef558,0x0000000100000000)
  to   space 157184K, 0% used [0x00000000ec980000,0x00000000ec980000,0x00000000f6300000)
 ParOldGen       total 630784K, used 420114K [0x00000000a0000000, 0x00000000c6800000, 0x00000000e0000000)
  object space 630784K, 66% used [0x00000000a0000000,0x00000000b9a449c0,0x00000000c6800000)
 Metaspace       used 79468K, capacity 84444K, committed 84736K, reserved 1124352K
  class space    used 9828K, capacity 10591K, committed 10752K, reserved 1048576K
}

